Arguments: 
  /Users/varun/.nvm/versions/node/v18.14.2/bin/node /Users/varun/.nvm/versions/node/v18.14.2/bin/yarn init

PATH: 
  /Users/varun/opt/anaconda3/bin:/Users/varun/opt/anaconda3/condabin:/Users/varun/.cargo/bin:/Library/Frameworks/Python.framework/Versions/3.10/bin:/Users/varun/.nvm/versions/node/v12.22.12/bin/node:/Users/varun/.nvm/versions/node/v18.14.2/bin:/Users/varun/.nvm/versions/node/v18.14.2/bin:/opt/homebrew/bin:/opt/homebrew/sbin:/usr/local/bin:/System/Cryptexes/App/usr/bin:/usr/bin:/bin:/usr/sbin:/sbin:/Library/Apple/usr/bin:/Users/varun/.cargo/bin:/Users/varun/Library/Android/sdk/emulator:/Users/varun/Library/Android/sdk/platform-tools

Yarn version: 
  1.22.19

Node version: 
  18.14.2

Platform: 
  darwin arm64

Trace: 
  Error: canceled
      at Interface.<anonymous> (/Users/varun/.nvm/versions/node/v18.14.2/lib/node_modules/yarn/lib/cli.js:137150:13)
      at Interface.emit (node:events:513:28)
      at [_ttyWrite] [as _ttyWrite] (node:internal/readline/interface:1130:18)
      at ReadStream.onkeypress (node:internal/readline/interface:270:20)
      at ReadStream.emit (node:events:513:28)
      at emitKeys (node:internal/readline/utils:357:14)
      at emitKeys.next (<anonymous>)
      at ReadStream.onData (node:internal/readline/emitKeypressEvents:64:36)
      at ReadStream.emit (node:events:513:28)
      at addChunk (node:internal/streams/readable:324:12)

npm manifest: 
  {
    "name": "react",
    "version": "1.0.0",
    "description": "React example starter project",
    "keywords": [
      "react",
      "starter"
    ],
    "main": "src/index.js",
    "dependencies": {
      "@reduxjs/toolkit": "1.9.3",
      "loader-utils": "3.2.1",
      "react": "18.2.0",
      "react-dom": "18.2.0",
      "react-redux": "8.0.5",
      "react-scripts": "5.0.1"
    },
    "devDependencies": {
      "@babel/runtime": "7.13.8",
      "typescript": "4.1.3"
    },
    "scripts": {
      "start": "react-scripts start",
      "build": "react-scripts build",
      "test": "react-scripts test --env=jsdom",
      "eject": "react-scripts eject"
    },
    "browserslist": [
      ">0.2%",
      "not dead",
      "not ie <= 11",
      "not op_mini all"
    ]
  }

yarn manifest: 
  No manifest

Lockfile: 
  No lockfile
